<?xml version="1.0" encoding="UTF-8"?>
<!-- Generated by org.testng.reporters.JUnitReportReporter -->
<testsuite skipped="0" hostname="Aashi" name="cucumber.TestNGTestRunner" tests="1" failures="0" timestamp="2023-06-24T00:04:12 IST" time="12.457" errors="0">
  <testcase name="runScenario" time="12.457" classname="cucumber.TestNGTestRunner"/>
  <system-out/>
</testsuite> <!-- cucumber.TestNGTestRunner -->
