<?xml version="1.0" encoding="UTF-8"?>
<!-- Generated by org.testng.reporters.JUnitReportReporter -->
<testsuite skipped="0" hostname="Aashi" name="seleniumProject.StandAloneTestUpdatedTest" tests="3" failures="0" timestamp="2023-06-23T23:51:44 IST" time="28.239" errors="0">
  <testcase name="orderVerification" time="7.428" classname="seleniumProject.StandAloneTestUpdatedTest"/>
  <system-out/>
  <testcase name="submitOrder" time="10.331" classname="seleniumProject.StandAloneTestUpdatedTest"/>
  <system-out/>
  <testcase name="submitOrder" time="10.480" classname="seleniumProject.StandAloneTestUpdatedTest"/>
  <system-out/>
</testsuite> <!-- seleniumProject.StandAloneTestUpdatedTest -->
