<?xml version="1.0" encoding="UTF-8"?>
<!-- Generated by org.testng.reporters.JUnitReportReporter -->
<testsuite hostname="Aashi" failures="0" tests="4" name="test.day3" time="0.020" errors="0" timestamp="2023-06-06T16:29:03 IST" skipped="0">
  <testcase classname="test.day3" name="mobileSignOut" time="0.001"/>
  <system-out/>
  <testcase classname="test.day3" name="mobileSignOut" time="0.003"/>
  <system-out/>
  <testcase classname="test.day3" name="dy3" time="0.015"/>
  <system-out/>
  <testcase classname="test.day3" name="mobileSignOut" time="0.001"/>
  <system-out/>
</testsuite> <!-- test.day3 -->
