<?xml version="1.0" encoding="UTF-8"?>
<!-- Generated by org.testng.reporters.JUnitReportReporter -->
<testsuite hostname="Aashi" failures="0" tests="1" name="test.day1" time="0.016" errors="0" timestamp="2023-06-06T16:29:03 IST" skipped="0">
  <testcase classname="test.day1" name="method" time="0.016"/>
  <system-out/>
</testsuite> <!-- test.day1 -->
