<?xml version="1.0" encoding="UTF-8"?>
<!-- Generated by org.testng.reporters.JUnitReportReporter -->
<testsuite hostname="Aashi" failures="0" tests="1" name="test.ps1" time="0.013" errors="0" timestamp="2023-06-07T10:49:25 IST" skipped="0">
  <testcase classname="test.ps1" name="testRun" time="0.013"/>
  <system-out/>
</testsuite> <!-- test.ps1 -->
