<?xml version="1.0" encoding="UTF-8"?>
<!-- Generated by org.testng.reporters.JUnitReportReporter -->
<testsuite hostname="Aashi" failures="0" tests="2" name="seleniumProject.StandAloneTestUpdatedTest" time="22.045" errors="0" timestamp="2023-06-20T18:50:47 IST" skipped="0">
  <testcase classname="seleniumProject.StandAloneTestUpdatedTest" name="submitOrder" time="11.902"/>
  <system-out/>
  <testcase classname="seleniumProject.StandAloneTestUpdatedTest" name="submitOrder" time="10.143"/>
  <system-out/>
</testsuite> <!-- seleniumProject.StandAloneTestUpdatedTest -->
