<?xml version="1.0" encoding="UTF-8"?>
<!-- Generated by org.testng.reporters.JUnitXMLReporter -->
<testsuite ignored="0" hostname="Aashi" failures="0" tests="1" name="Test-1" time="25.527" errors="0" timestamp="2023-07-02T13:32:13 IST">
  <testcase classname="crossBrowser.CrossBrowserTesting.TestDemo" name="titleCheck" time="23.944"/>
</testsuite> <!-- Test-1 -->
