<?xml version="1.0" encoding="UTF-8"?>
<!-- Generated by org.testng.reporters.JUnitXMLReporter -->
<testsuite ignored="0" hostname="Aashi" failures="0" tests="1" name="Test-0" time="19.304" errors="0" timestamp="2023-07-02T13:32:07 IST">
  <testcase classname="crossBrowser.CrossBrowserTesting.TestDemo" name="titleCheck" time="17.581"/>
</testsuite> <!-- Test-0 -->
