<?xml version="1.0" encoding="UTF-8"?>
<!-- Generated by org.testng.reporters.JUnitXMLReporter -->
<testsuite ignored="0" hostname="Aashi" failures="0" tests="1" name="Test-2" time="17.888" errors="0" timestamp="2023-07-02T13:32:06 IST">
  <testcase classname="crossBrowser.CrossBrowserTesting.TestDemo" name="titleCheck" time="17.603"/>
</testsuite> <!-- Test-2 -->
