<?xml version="1.0" encoding="UTF-8"?>
<!-- Generated by org.testng.reporters.JUnitReportReporter -->
<testsuite hostname="Aashi" failures="0" tests="1" name="seleniumProject.StandAloneTestUpdated" time="13.225" errors="0" timestamp="2023-06-11T17:11:15 IST" skipped="0">
  <testcase classname="seleniumProject.StandAloneTestUpdated" name="submitOrder" time="13.225"/>
  <system-out/>
</testsuite> <!-- seleniumProject.StandAloneTestUpdated -->
