<?xml version="1.0" encoding="UTF-8"?>
<!-- Generated by org.testng.reporters.JUnitReportReporter -->
<testsuite hostname="Aashi" failures="0" tests="2" name="seleniumProject.ErrorValidationsTest" time="15.862" errors="0" timestamp="2023-06-22T23:27:28 IST" skipped="0">
  <testcase classname="seleniumProject.ErrorValidationsTest" name="verifyProductInCart" time="6.740"/>
  <system-out/>
  <testcase classname="seleniumProject.ErrorValidationsTest" name="verifyInvalidLogin" time="9.122"/>
  <system-out/>
</testsuite> <!-- seleniumProject.ErrorValidationsTest -->
