<?xml version="1.0" encoding="UTF-8"?>
<!-- Generated by org.testng.reporters.JUnitReportReporter -->
<testsuite hostname="Aashi" failures="0" tests="1" name="cucumber.TestNGTestRunner" time="15.836" errors="0" timestamp="2023-06-23T23:39:26 IST" skipped="0">
  <testcase classname="cucumber.TestNGTestRunner" name="runScenario" time="15.836"/>
  <system-out/>
</testsuite> <!-- cucumber.TestNGTestRunner -->
