<?xml version="1.0" encoding="UTF-8"?>
<!-- Generated by org.testng.reporters.JUnitReportReporter -->
<testsuite hostname="Aashi" failures="0" tests="3" name="seleniumProject.StandAloneTestUpdatedTest" time="27.915" errors="0" timestamp="2023-06-22T23:27:28 IST" skipped="0">
  <testcase classname="seleniumProject.StandAloneTestUpdatedTest" name="submitOrder" time="14.082"/>
  <system-out/>
  <testcase classname="seleniumProject.StandAloneTestUpdatedTest" name="submitOrder" time="9.037"/>
  <system-out/>
  <testcase classname="seleniumProject.StandAloneTestUpdatedTest" name="orderVerification" time="4.796"/>
  <system-out/>
</testsuite> <!-- seleniumProject.StandAloneTestUpdatedTest -->
