<?xml version="1.0" encoding="UTF-8"?>
<!-- Generated by org.testng.reporters.JUnitReportReporter -->
<testsuite hostname="Aashi" failures="0" tests="3" name="crossBrowser.CrossBrowserTesting.TestDemo" time="59.128" errors="0" timestamp="2023-07-02T13:32:16 IST" skipped="0">
  <testcase classname="crossBrowser.CrossBrowserTesting.TestDemo" name="titleCheck" time="17.603"/>
  <system-out/>
  <testcase classname="crossBrowser.CrossBrowserTesting.TestDemo" name="titleCheck" time="17.581"/>
  <system-out/>
  <testcase classname="crossBrowser.CrossBrowserTesting.TestDemo" name="titleCheck" time="23.944"/>
  <system-out/>
</testsuite> <!-- crossBrowser.CrossBrowserTesting.TestDemo -->
