<?xml version="1.0" encoding="UTF-8"?>
<!-- Generated by org.testng.reporters.JUnitReportReporter -->
<testsuite skipped="0" hostname="Aashi" name="seleniumProject.ErrorValidationsTest" tests="2" failures="0" timestamp="2023-06-23T23:58:26 IST" time="15.111" errors="0">
  <testcase name="verifyProductInCart" time="10.487" classname="seleniumProject.ErrorValidationsTest"/>
  <system-out/>
  <testcase name="verifyInvalidLogin" time="4.624" classname="seleniumProject.ErrorValidationsTest"/>
  <system-out/>
</testsuite> <!-- seleniumProject.ErrorValidationsTest -->
