<?xml version="1.0" encoding="UTF-8"?>
<!-- Generated by org.testng.reporters.JUnitReportReporter -->
<testsuite skipped="0" hostname="Aashi" name="seleniumProject.StandAloneTestUpdatedTest" tests="3" failures="0" timestamp="2023-06-23T23:58:26 IST" time="28.701" errors="0">
  <testcase name="orderVerification" time="5.112" classname="seleniumProject.StandAloneTestUpdatedTest"/>
  <system-out/>
  <testcase name="submitOrder" time="13.585" classname="seleniumProject.StandAloneTestUpdatedTest"/>
  <system-out/>
  <testcase name="submitOrder" time="10.004" classname="seleniumProject.StandAloneTestUpdatedTest"/>
  <system-out/>
</testsuite> <!-- seleniumProject.StandAloneTestUpdatedTest -->
