<?xml version="1.0" encoding="UTF-8"?>
<!-- Generated by org.testng.reporters.JUnitReportReporter -->
<testsuite hostname="Aashi" failures="0" tests="3" name="Fremwork.ExcelDriven.DataProviderExcel" time="0.012" errors="0" timestamp="2023-06-28T18:28:02 IST" skipped="0">
  <testcase classname="Fremwork.ExcelDriven.DataProviderExcel" name="readExcelData" time="0.008"/>
  <system-out/>
  <testcase classname="Fremwork.ExcelDriven.DataProviderExcel" name="readExcelData" time="0.002"/>
  <system-out/>
  <testcase classname="Fremwork.ExcelDriven.DataProviderExcel" name="readExcelData" time="0.002"/>
  <system-out/>
</testsuite> <!-- Fremwork.ExcelDriven.DataProviderExcel -->
