<?xml version="1.0" encoding="UTF-8"?>
<!-- Generated by org.testng.reporters.JUnitReportReporter -->
<testsuite hostname="Aashi" failures="0" tests="1" name="com.SDESeleniumFramework.pageObjects.TC_LoginTest_001" time="10.049" errors="0" timestamp="2023-07-12T13:37:47 IST" skipped="0">
  <testcase classname="com.SDESeleniumFramework.pageObjects.TC_LoginTest_001" name="login" time="10.049"/>
  <system-out/>
</testsuite> <!-- com.SDESeleniumFramework.pageObjects.TC_LoginTest_001 -->
