<?xml version="1.0" encoding="UTF-8"?>
<!-- Generated by org.testng.reporters.JUnitReportReporter -->
<testsuite hostname="Aashi" failures="0" tests="1" name="com.SDESeleniumFramework.testCases.TC_LoginTest_001" time="1.924" errors="0" timestamp="2023-07-14T00:07:35 IST" skipped="0">
  <testcase classname="com.SDESeleniumFramework.testCases.TC_LoginTest_001" name="login" time="1.924"/>
  <system-out>
    <![CDATA[Testcase login started successfully]]>
  </system-out>
</testsuite> <!-- com.SDESeleniumFramework.testCases.TC_LoginTest_001 -->
