<?xml version="1.0" encoding="UTF-8"?>
<!-- Generated by org.testng.reporters.JUnitReportReporter -->
<testsuite hostname="Aashi" failures="0" tests="1" name="com.SDESeleniumFramework.testCases.TC_AddCustomerTest_003" time="9.457" errors="0" timestamp="2023-07-14T00:07:35 IST" skipped="0">
  <testcase classname="com.SDESeleniumFramework.testCases.TC_AddCustomerTest_003" name="addCustomer" time="9.457"/>
  <system-out>
    <![CDATA[Testcase addCustomer started successfully]]>
  </system-out>
</testsuite> <!-- com.SDESeleniumFramework.testCases.TC_AddCustomerTest_003 -->
