<?xml version="1.0" encoding="UTF-8"?>
<!-- Generated by org.testng.reporters.JUnitReportReporter -->
<testsuite hostname="Aashi" failures="0" tests="1" name="vipinDhiman.ExtentReports.ExtentReportDemo" time="5.830" errors="0" timestamp="2023-06-19T13:02:03 IST" skipped="0">
  <testcase classname="vipinDhiman.ExtentReports.ExtentReportDemo" name="initialDemo" time="5.830"/>
  <system-out/>
</testsuite> <!-- vipinDhiman.ExtentReports.ExtentReportDemo -->
